<?xml version="1.0" encoding="UTF-8"?>
<testsuite name="com.arvind.robotfactory.RobotFactoryTest" tests="6" skipped="0" failures="0" errors="0" timestamp="2022-06-29T07:07:45" hostname="LAPTOP-KD3S8MFJ" time="0.558">
  <properties/>
  <testcase name="testCase1_InvalidInput()" classname="com.arvind.robotfactory.RobotFactoryTest" time="0.518"/>
  <testcase name="testCase2_BadRequest()" classname="com.arvind.robotfactory.RobotFactoryTest" time="0.008"/>
  <testcase name="testCase3_CorrectOrderCreation1()" classname="com.arvind.robotfactory.RobotFactoryTest" time="0.012"/>
  <testcase name="testCase4_SuccessfulOrderCreation2()" classname="com.arvind.robotfactory.RobotFactoryTest" time="0.003"/>
  <testcase name="testCase5_SuccessfulOrderCreation3()" classname="com.arvind.robotfactory.RobotFactoryTest" time="0.004"/>
  <testcase name="testCase6_OrderCreationFailure1()" classname="com.arvind.robotfactory.RobotFactoryTest" time="0.005"/>
  <system-out><![CDATA[12:37:42.225 [Test worker] DEBUG org.springframework.test.context.BootstrapUtils - Instantiating CacheAwareContextLoaderDelegate from class [org.springframework.test.context.cache.DefaultCacheAwareContextLoaderDelegate]
12:37:42.241 [Test worker] DEBUG org.springframework.test.context.BootstrapUtils - Instantiating BootstrapContext using constructor [public org.springframework.test.context.support.DefaultBootstrapContext(java.lang.Class,org.springframework.test.context.CacheAwareContextLoaderDelegate)]
12:37:42.288 [Test worker] DEBUG org.springframework.test.context.BootstrapUtils - Instantiating TestContextBootstrapper for test class [com.arvind.robotfactory.RobotFactoryTest] from class [org.springframework.boot.test.context.SpringBootTestContextBootstrapper]
12:37:42.304 [Test worker] INFO org.springframework.boot.test.context.SpringBootTestContextBootstrapper - Neither @ContextConfiguration nor @ContextHierarchy found for test class [com.arvind.robotfactory.RobotFactoryTest], using SpringBootContextLoader
12:37:42.319 [Test worker] DEBUG org.springframework.test.context.support.AbstractContextLoader - Did not detect default resource location for test class [com.arvind.robotfactory.RobotFactoryTest]: class path resource [com/arvind/robotfactory/RobotFactoryTest-context.xml] does not exist
12:37:42.319 [Test worker] DEBUG org.springframework.test.context.support.AbstractContextLoader - Did not detect default resource location for test class [com.arvind.robotfactory.RobotFactoryTest]: class path resource [com/arvind/robotfactory/RobotFactoryTestContext.groovy] does not exist
12:37:42.319 [Test worker] INFO org.springframework.test.context.support.AbstractContextLoader - Could not detect default resource locations for test class [com.arvind.robotfactory.RobotFactoryTest]: no resource found for suffixes {-context.xml, Context.groovy}.
12:37:42.319 [Test worker] INFO org.springframework.test.context.support.AnnotationConfigContextLoaderUtils - Could not detect default configuration classes for test class [com.arvind.robotfactory.RobotFactoryTest]: RobotFactoryTest does not declare any static, non-private, non-final, nested classes annotated with @Configuration.
12:37:42.397 [Test worker] DEBUG org.springframework.test.context.support.ActiveProfilesUtils - Could not find an 'annotation declaring class' for annotation type [org.springframework.test.context.ActiveProfiles] and class [com.arvind.robotfactory.RobotFactoryTest]
12:37:42.475 [Test worker] DEBUG org.springframework.context.annotation.ClassPathScanningCandidateComponentProvider - Identified candidate component class: file [C:\Users\swarn\Development\workspace\robot-factory\build\classes\java\main\com\arvind\robotfactory\RobotFactoryApplication.class]
12:37:42.475 [Test worker] DEBUG org.springframework.context.annotation.ClassPathScanningCandidateComponentProvider - Identified candidate component class: file [C:\Users\swarn\Development\workspace\robot-factory\build\classes\kotlin\main\com\arvind\robotfactory\RobotFactoryApplication.class]
12:37:42.475 [Test worker] INFO org.springframework.boot.test.context.SpringBootTestContextBootstrapper - Found @SpringBootConfiguration com.arvind.robotfactory.RobotFactoryApplication for test class com.arvind.robotfactory.RobotFactoryTest
12:37:42.632 [Test worker] DEBUG org.springframework.boot.test.context.SpringBootTestContextBootstrapper - @TestExecutionListeners is not present for class [com.arvind.robotfactory.RobotFactoryTest]: using defaults.
12:37:42.632 [Test worker] INFO org.springframework.boot.test.context.SpringBootTestContextBootstrapper - Loaded default TestExecutionListener class names from location [META-INF/spring.factories]: [com.ninjasquad.springmockk.MockkTestExecutionListener, com.ninjasquad.springmockk.ClearMocksTestExecutionListener, org.springframework.boot.test.autoconfigure.restdocs.RestDocsTestExecutionListener, org.springframework.boot.test.autoconfigure.web.client.MockRestServiceServerResetTestExecutionListener, org.springframework.boot.test.autoconfigure.web.servlet.MockMvcPrintOnlyOnFailureTestExecutionListener, org.springframework.boot.test.autoconfigure.web.servlet.WebDriverTestExecutionListener, org.springframework.boot.test.mock.mockito.MockitoTestExecutionListener, org.springframework.boot.test.mock.mockito.ResetMocksTestExecutionListener, org.springframework.test.context.web.ServletTestExecutionListener, org.springframework.test.context.support.DirtiesContextBeforeModesTestExecutionListener, org.springframework.test.context.support.DependencyInjectionTestExecutionListener, org.springframework.test.context.support.DirtiesContextTestExecutionListener, org.springframework.test.context.transaction.TransactionalTestExecutionListener, org.springframework.test.context.jdbc.SqlScriptsTestExecutionListener, org.springframework.test.context.event.EventPublishingTestExecutionListener]
12:37:43.038 [Test worker] DEBUG org.springframework.boot.test.context.SpringBootTestContextBootstrapper - Skipping candidate TestExecutionListener [org.springframework.test.context.transaction.TransactionalTestExecutionListener] due to a missing dependency. Specify custom listener classes or make the default listener classes and their required dependencies available. Offending class: [org/springframework/transaction/interceptor/TransactionAttributeSource]
12:37:43.038 [Test worker] DEBUG org.springframework.boot.test.context.SpringBootTestContextBootstrapper - Skipping candidate TestExecutionListener [org.springframework.test.context.jdbc.SqlScriptsTestExecutionListener] due to a missing dependency. Specify custom listener classes or make the default listener classes and their required dependencies available. Offending class: [org/springframework/transaction/interceptor/TransactionAttribute]
12:37:43.038 [Test worker] INFO org.springframework.boot.test.context.SpringBootTestContextBootstrapper - Using TestExecutionListeners: [org.springframework.test.context.web.ServletTestExecutionListener@766415ad, org.springframework.test.context.support.DirtiesContextBeforeModesTestExecutionListener@16388b20, com.ninjasquad.springmockk.MockkTestExecutionListener@117deab1, org.springframework.boot.test.mock.mockito.MockitoTestExecutionListener@8e0c063, org.springframework.boot.test.autoconfigure.SpringBootDependencyInjectionTestExecutionListener@5eff75af, org.springframework.test.context.support.DirtiesContextTestExecutionListener@c4c84db, org.springframework.test.context.event.EventPublishingTestExecutionListener@721acf81, com.ninjasquad.springmockk.ClearMocksTestExecutionListener@7cf7fa79, org.springframework.boot.test.autoconfigure.restdocs.RestDocsTestExecutionListener@5980aa45, org.springframework.boot.test.autoconfigure.web.client.MockRestServiceServerResetTestExecutionListener@318297f2, org.springframework.boot.test.autoconfigure.web.servlet.MockMvcPrintOnlyOnFailureTestExecutionListener@15403084, org.springframework.boot.test.autoconfigure.web.servlet.WebDriverTestExecutionListener@56a73467, org.springframework.boot.test.mock.mockito.ResetMocksTestExecutionListener@a296e74]
12:37:43.038 [Test worker] DEBUG org.springframework.test.context.support.AbstractDirtiesContextTestExecutionListener - Before test class: context [DefaultTestContext@5ee9a25 testClass = RobotFactoryTest, testInstance = [null], testMethod = [null], testException = [null], mergedContextConfiguration = [WebMergedContextConfiguration@17e3a9f5 testClass = RobotFactoryTest, locations = '{}', classes = '{class com.arvind.robotfactory.RobotFactoryApplication}', contextInitializerClasses = '[]', activeProfiles = '{}', propertySourceLocations = '{}', propertySourceProperties = '{org.springframework.boot.test.context.SpringBootTestContextBootstrapper=true}', contextCustomizers = set[MockkContextCustomizer(definitions=[]), org.springframework.boot.test.autoconfigure.properties.PropertyMappingContextCustomizer@0, org.springframework.boot.test.autoconfigure.web.servlet.WebDriverContextCustomizerFactory$Customizer@317fad0d, org.springframework.boot.test.context.filter.ExcludeFilterContextCustomizer@74213592, org.springframework.boot.test.json.DuplicateJsonObjectContextCustomizerFactory$DuplicateJsonObjectContextCustomizer@6d555824, org.springframework.boot.test.mock.mockito.MockitoContextCustomizer@0, org.springframework.boot.test.web.client.TestRestTemplateContextCustomizer@7d52f262], resourceBasePath = 'src/main/webapp', contextLoader = 'org.springframework.boot.test.context.SpringBootContextLoader', parent = [null]], attributes = map['org.springframework.test.context.web.ServletTestExecutionListener.activateListener' -> true]], class annotated with @DirtiesContext [false] with mode [null].
12:37:43.085 [Test worker] DEBUG org.springframework.test.context.support.TestPropertySourceUtils - Adding inlined properties to environment: {spring.jmx.enabled=false, org.springframework.boot.test.context.SpringBootTestContextBootstrapper=true, server.port=-1}

  .   ____          _            __ _ _
 /\\ / ___'_ __ _ _(_)_ __  __ _ \ \ \ \
( ( )\___ | '_ | '_| | '_ \/ _` | \ \ \ \
 \\/  ___)| |_)| | | | | || (_| |  ) ) ) )
  '  |____| .__|_| |_|_| |_\__, | / / / /
 =========|_|==============|___/=/_/_/_/
 :: Spring Boot ::        (v2.2.5.RELEASE)

2022-06-29 12:37:43.460  INFO 25056 --- [    Test worker] c.arvind.robotfactory.RobotFactoryTest   : Starting RobotFactoryTest on LAPTOP-KD3S8MFJ with PID 25056 (started by swarn in C:\Users\swarn\Development\workspace\robot-factory)
2022-06-29 12:37:43.460  INFO 25056 --- [    Test worker] c.arvind.robotfactory.RobotFactoryTest   : No active profile set, falling back to default profiles: default
2022-06-29 12:37:45.289  INFO 25056 --- [    Test worker] o.s.s.concurrent.ThreadPoolTaskExecutor  : Initializing ExecutorService 'applicationTaskExecutor'
2022-06-29 12:37:45.648  INFO 25056 --- [    Test worker] c.arvind.robotfactory.RobotFactoryTest   : Started RobotFactoryTest in 2.556 seconds (JVM running for 4.799)
2022-06-29 12:37:46.414  INFO 25056 --- [    Test worker] c.a.robotfactory.service.OrderService    : Created an robot with UUID 4f226071-8694-42d5-8b9b-3e8864728291 for orderId -> 1
2022-06-29 12:37:46.429  INFO 25056 --- [    Test worker] c.a.robotfactory.service.OrderService    : Created an robot with UUID 9b07ada9-3306-4ec4-af0f-10be6148eef3 for orderId -> 2
2022-06-29 12:37:46.429  INFO 25056 --- [    Test worker] c.a.robotfactory.service.OrderService    : Created an robot with UUID e8723508-497a-40dd-beee-b826d7a2f853 for orderId -> 3
2022-06-29 12:37:46.429 ERROR 25056 --- [    Test worker] c.a.robotfactory.service.OrderService    : Required components are not available in the inventory, cannot create robot now
]]></system-out>
  <system-err><![CDATA[]]></system-err>
</testsuite>
